[2026-05-28 08:06:21] local.ERROR: Undefined constant "App\Support\CURLOPT_POSTFIELDS" {"exception":"[object] (Error(code: 0): Undefined constant \"App\\Support\\CURLOPT_POSTFIELDS\" at C:/xampp/htdocs/Mess-Catering/MS_backend/app/Support/GmailService.php:218)
[stacktrace]
#0 C:/xampp/htdocs/Mess-Catering/MS_backend/app/Support/GmailService.php(50): App/Support/GmailService->postForm('https://oauth2....', Array)
#1 C:/xampp/htdocs/Mess-Catering/MS_backend/app/Http/Controllers/GmailController.php(66): App/Support/GmailService->exchangeCode('4/0AeoWuM8ubC_D...')
#2 C:/xampp/htdocs/Mess-Catering/MS_backend/vendor/illuminate/container/BoundMethod.php(36): App/Http/Controllers/GmailController->connect(Object(Laravel/Lumen/Http/Request))
#3 C:/xampp/htdocs/Mess-Catering/MS_backend/vendor/illuminate/container/Util.php(41): Illuminate/Container/BoundMethod::{closure:Illuminate/Container/BoundMethod::call():35}()
#4 C:/xampp/htdocs/Mess-Catering/MS_backend/vendor/illuminate/container/BoundMethod.php(93): Illuminate/Container/Util::unwrapIfClosure(Object(Closure))
#5 C:/xampp/htdocs/Mess-Catering/MS_backend/vendor/illuminate/container/BoundMethod.php(35): Illuminate/Container/BoundMethod::callBoundMethod(Object(Laravel/Lumen/Application), Array, Object(Closure))
#6 C:/xampp/htdocs/Mess-Catering/MS_backend/vendor/illuminate/container/Container.php(662): Illuminate/Container/BoundMethod::call(Object(Laravel/Lumen/Application), Array, Array, NULL)
#7 C:/xampp/htdocs/Mess-Catering/MS_backend/vendor/laravel/lumen-framework/src/Concerns/RoutesRequests.php(391): Illuminate/Container/Container->call(Array, Array)
#8 C:/xampp/htdocs/Mess-Catering/MS_backend/vendor/laravel/lumen-framework/src/Concerns/RoutesRequests.php(356): Laravel/Lumen/Application->callControllerCallable(Array, Array)
#9 C:/xampp/htdocs/Mess-Catering/MS_backend/vendor/laravel/lumen-framework/src/Concerns/RoutesRequests.php(331): Laravel/Lumen/Application->callLumenController(Object(App/Http/Controllers/GmailController), 'connect', Array)
#10 C:/xampp/htdocs/Mess-Catering/MS_backend/vendor/laravel/lumen-framework/src/Concerns/RoutesRequests.php(284): Laravel/Lumen/Application->callControllerAction(Array)
#11 C:/xampp/htdocs/Mess-Catering/MS_backend/vendor/laravel/lumen-framework/src/Concerns/RoutesRequests.php(264): Laravel/Lumen/Application->callActionOnArrayBasedRoute(Array)
#12 C:/xampp/htdocs/Mess-Catering/MS_backend/vendor/laravel/lumen-framework/src/Routing/Pipeline.php(48): Laravel/Lumen/Application->{closure:Laravel/Lumen/Concerns/RoutesRequests::handleFoundRoute():263}(Object(Laravel/Lumen/Http/Request))
#13 C:/xampp/htdocs/Mess-Catering/MS_backend/app/Http/Middleware/AdminAuthMiddleware.php(22): Laravel/Lumen/Routing/Pipeline->{closure:Laravel/Lumen/Routing/Pipeline::prepareDestination():46}(Object(Laravel/Lumen/Http/Request))
#14 C:/xampp/htdocs/Mess-Catering/MS_backend/vendor/illuminate/pipeline/Pipeline.php(183): App/Http/Middleware/AdminAuthMiddleware->handle(Object(Laravel/Lumen/Http/Request), Object(Closure))
#15 C:/xampp/htdocs/Mess-Catering/MS_backend/vendor/laravel/lumen-framework/src/Routing/Pipeline.php(30): Illuminate/Pipeline/Pipeline->{closure:{closure:Illuminate/Pipeline/Pipeline::carry():158}:159}(Object(Laravel/Lumen/Http/Request))
#16 C:/xampp/htdocs/Mess-Catering/MS_backend/vendor/illuminate/pipeline/Pipeline.php(119): Laravel/Lumen/Routing/Pipeline->{closure:{closure:Laravel/Lumen/Routing/Pipeline::carry():25}:26}(Object(Laravel/Lumen/Http/Request))
#17 C:/xampp/htdocs/Mess-Catering/MS_backend/vendor/laravel/lumen-framework/src/Concerns/RoutesRequests.php(428): Illuminate/Pipeline/Pipeline->then(Object(Closure))
#18 C:/xampp/htdocs/Mess-Catering/MS_backend/vendor/laravel/lumen-framework/src/Concerns/RoutesRequests.php(263): Laravel/Lumen/Application->sendThroughPipeline(Array, Object(Closure))
#19 C:/xampp/htdocs/Mess-Catering/MS_backend/vendor/laravel/lumen-framework/src/Concerns/RoutesRequests.php(171): Laravel/Lumen/Application->handleFoundRoute(Array)
#20 C:/xampp/htdocs/Mess-Catering/MS_backend/vendor/laravel/lumen-framework/src/Concerns/RoutesRequests.php(431): Laravel/Lumen/Application->{closure:Laravel/Lumen/Concerns/RoutesRequests::dispatch():167}(Object(Laravel/Lumen/Http/Request))
#21 C:/xampp/htdocs/Mess-Catering/MS_backend/vendor/laravel/lumen-framework/src/Concerns/RoutesRequests.php(167): Laravel/Lumen/Application->sendThroughPipeline(Array, Object(Closure))
#22 C:/xampp/htdocs/Mess-Catering/MS_backend/vendor/laravel/lumen-framework/src/Concerns/RoutesRequests.php(112): Laravel/Lumen/Application->dispatch(NULL)
#23 C:/xampp/htdocs/Mess-Catering/MS_backend/public/index.php(28): Laravel/Lumen/Application->run()
#24 {main}
"} 
[2026-05-28 08:11:07] local.ERROR: Undefined constant "App\Support\CURLOPT_POSTFIELDS" {"exception":"[object] (Error(code: 0): Undefined constant \"App\\Support\\CURLOPT_POSTFIELDS\" at C:/xampp/htdocs/Mess-Catering/MS_backend/app/Support/GmailService.php:218)
[stacktrace]
#0 C:/xampp/htdocs/Mess-Catering/MS_backend/app/Support/GmailService.php(50): App/Support/GmailService->postForm('https://oauth2....', Array)
#1 C:/xampp/htdocs/Mess-Catering/MS_backend/app/Http/Controllers/GmailController.php(66): App/Support/GmailService->exchangeCode('4/0AeoWuM8I_I9L...')
#2 C:/xampp/htdocs/Mess-Catering/MS_backend/vendor/illuminate/container/BoundMethod.php(36): App/Http/Controllers/GmailController->connect(Object(Laravel/Lumen/Http/Request))
#3 C:/xampp/htdocs/Mess-Catering/MS_backend/vendor/illuminate/container/Util.php(41): Illuminate/Container/BoundMethod::{closure:Illuminate/Container/BoundMethod::call():35}()
#4 C:/xampp/htdocs/Mess-Catering/MS_backend/vendor/illuminate/container/BoundMethod.php(93): Illuminate/Container/Util::unwrapIfClosure(Object(Closure))
#5 C:/xampp/htdocs/Mess-Catering/MS_backend/vendor/illuminate/container/BoundMethod.php(35): Illuminate/Container/BoundMethod::callBoundMethod(Object(Laravel/Lumen/Application), Array, Object(Closure))
#6 C:/xampp/htdocs/Mess-Catering/MS_backend/vendor/illuminate/container/Container.php(662): Illuminate/Container/BoundMethod::call(Object(Laravel/Lumen/Application), Array, Array, NULL)
#7 C:/xampp/htdocs/Mess-Catering/MS_backend/vendor/laravel/lumen-framework/src/Concerns/RoutesRequests.php(391): Illuminate/Container/Container->call(Array, Array)
#8 C:/xampp/htdocs/Mess-Catering/MS_backend/vendor/laravel/lumen-framework/src/Concerns/RoutesRequests.php(356): Laravel/Lumen/Application->callControllerCallable(Array, Array)
#9 C:/xampp/htdocs/Mess-Catering/MS_backend/vendor/laravel/lumen-framework/src/Concerns/RoutesRequests.php(331): Laravel/Lumen/Application->callLumenController(Object(App/Http/Controllers/GmailController), 'connect', Array)
#10 C:/xampp/htdocs/Mess-Catering/MS_backend/vendor/laravel/lumen-framework/src/Concerns/RoutesRequests.php(284): Laravel/Lumen/Application->callControllerAction(Array)
#11 C:/xampp/htdocs/Mess-Catering/MS_backend/vendor/laravel/lumen-framework/src/Concerns/RoutesRequests.php(264): Laravel/Lumen/Application->callActionOnArrayBasedRoute(Array)
#12 C:/xampp/htdocs/Mess-Catering/MS_backend/vendor/laravel/lumen-framework/src/Routing/Pipeline.php(48): Laravel/Lumen/Application->{closure:Laravel/Lumen/Concerns/RoutesRequests::handleFoundRoute():263}(Object(Laravel/Lumen/Http/Request))
#13 C:/xampp/htdocs/Mess-Catering/MS_backend/app/Http/Middleware/AdminAuthMiddleware.php(22): Laravel/Lumen/Routing/Pipeline->{closure:Laravel/Lumen/Routing/Pipeline::prepareDestination():46}(Object(Laravel/Lumen/Http/Request))
#14 C:/xampp/htdocs/Mess-Catering/MS_backend/vendor/illuminate/pipeline/Pipeline.php(183): App/Http/Middleware/AdminAuthMiddleware->handle(Object(Laravel/Lumen/Http/Request), Object(Closure))
#15 C:/xampp/htdocs/Mess-Catering/MS_backend/vendor/laravel/lumen-framework/src/Routing/Pipeline.php(30): Illuminate/Pipeline/Pipeline->{closure:{closure:Illuminate/Pipeline/Pipeline::carry():158}:159}(Object(Laravel/Lumen/Http/Request))
#16 C:/xampp/htdocs/Mess-Catering/MS_backend/vendor/illuminate/pipeline/Pipeline.php(119): Laravel/Lumen/Routing/Pipeline->{closure:{closure:Laravel/Lumen/Routing/Pipeline::carry():25}:26}(Object(Laravel/Lumen/Http/Request))
#17 C:/xampp/htdocs/Mess-Catering/MS_backend/vendor/laravel/lumen-framework/src/Concerns/RoutesRequests.php(428): Illuminate/Pipeline/Pipeline->then(Object(Closure))
#18 C:/xampp/htdocs/Mess-Catering/MS_backend/vendor/laravel/lumen-framework/src/Concerns/RoutesRequests.php(263): Laravel/Lumen/Application->sendThroughPipeline(Array, Object(Closure))
#19 C:/xampp/htdocs/Mess-Catering/MS_backend/vendor/laravel/lumen-framework/src/Concerns/RoutesRequests.php(171): Laravel/Lumen/Application->handleFoundRoute(Array)
#20 C:/xampp/htdocs/Mess-Catering/MS_backend/vendor/laravel/lumen-framework/src/Concerns/RoutesRequests.php(431): Laravel/Lumen/Application->{closure:Laravel/Lumen/Concerns/RoutesRequests::dispatch():167}(Object(Laravel/Lumen/Http/Request))
#21 C:/xampp/htdocs/Mess-Catering/MS_backend/vendor/laravel/lumen-framework/src/Concerns/RoutesRequests.php(167): Laravel/Lumen/Application->sendThroughPipeline(Array, Object(Closure))
#22 C:/xampp/htdocs/Mess-Catering/MS_backend/vendor/laravel/lumen-framework/src/Concerns/RoutesRequests.php(112): Laravel/Lumen/Application->dispatch(NULL)
#23 C:/xampp/htdocs/Mess-Catering/MS_backend/public/index.php(28): Laravel/Lumen/Application->run()
#24 {main}
"} 
[2026-05-28 08:12:28] local.ERROR: Undefined constant "CURLOPT_POSTFIELDS" {"exception":"[object] (Error(code: 0): Undefined constant \"CURLOPT_POSTFIELDS\" at C:/xampp/htdocs/Mess-Catering/MS_backend/app/Support/GmailService.php:218)
[stacktrace]
#0 C:/xampp/htdocs/Mess-Catering/MS_backend/app/Support/GmailService.php(50): App/Support/GmailService->postForm('https://oauth2....', Array)
#1 C:/xampp/htdocs/Mess-Catering/MS_backend/app/Http/Controllers/GmailController.php(66): App/Support/GmailService->exchangeCode('4/0AeoWuM8MEjF1...')
#2 C:/xampp/htdocs/Mess-Catering/MS_backend/vendor/illuminate/container/BoundMethod.php(36): App/Http/Controllers/GmailController->connect(Object(Laravel/Lumen/Http/Request))
#3 C:/xampp/htdocs/Mess-Catering/MS_backend/vendor/illuminate/container/Util.php(41): Illuminate/Container/BoundMethod::{closure:Illuminate/Container/BoundMethod::call():35}()
#4 C:/xampp/htdocs/Mess-Catering/MS_backend/vendor/illuminate/container/BoundMethod.php(93): Illuminate/Container/Util::unwrapIfClosure(Object(Closure))
#5 C:/xampp/htdocs/Mess-Catering/MS_backend/vendor/illuminate/container/BoundMethod.php(35): Illuminate/Container/BoundMethod::callBoundMethod(Object(Laravel/Lumen/Application), Array, Object(Closure))
#6 C:/xampp/htdocs/Mess-Catering/MS_backend/vendor/illuminate/container/Container.php(662): Illuminate/Container/BoundMethod::call(Object(Laravel/Lumen/Application), Array, Array, NULL)
#7 C:/xampp/htdocs/Mess-Catering/MS_backend/vendor/laravel/lumen-framework/src/Concerns/RoutesRequests.php(391): Illuminate/Container/Container->call(Array, Array)
#8 C:/xampp/htdocs/Mess-Catering/MS_backend/vendor/laravel/lumen-framework/src/Concerns/RoutesRequests.php(356): Laravel/Lumen/Application->callControllerCallable(Array, Array)
#9 C:/xampp/htdocs/Mess-Catering/MS_backend/vendor/laravel/lumen-framework/src/Concerns/RoutesRequests.php(331): Laravel/Lumen/Application->callLumenController(Object(App/Http/Controllers/GmailController), 'connect', Array)
#10 C:/xampp/htdocs/Mess-Catering/MS_backend/vendor/laravel/lumen-framework/src/Concerns/RoutesRequests.php(284): Laravel/Lumen/Application->callControllerAction(Array)
#11 C:/xampp/htdocs/Mess-Catering/MS_backend/vendor/laravel/lumen-framework/src/Concerns/RoutesRequests.php(264): Laravel/Lumen/Application->callActionOnArrayBasedRoute(Array)
#12 C:/xampp/htdocs/Mess-Catering/MS_backend/vendor/laravel/lumen-framework/src/Routing/Pipeline.php(48): Laravel/Lumen/Application->{closure:Laravel/Lumen/Concerns/RoutesRequests::handleFoundRoute():263}(Object(Laravel/Lumen/Http/Request))
#13 C:/xampp/htdocs/Mess-Catering/MS_backend/app/Http/Middleware/AdminAuthMiddleware.php(22): Laravel/Lumen/Routing/Pipeline->{closure:Laravel/Lumen/Routing/Pipeline::prepareDestination():46}(Object(Laravel/Lumen/Http/Request))
#14 C:/xampp/htdocs/Mess-Catering/MS_backend/vendor/illuminate/pipeline/Pipeline.php(183): App/Http/Middleware/AdminAuthMiddleware->handle(Object(Laravel/Lumen/Http/Request), Object(Closure))
#15 C:/xampp/htdocs/Mess-Catering/MS_backend/vendor/laravel/lumen-framework/src/Routing/Pipeline.php(30): Illuminate/Pipeline/Pipeline->{closure:{closure:Illuminate/Pipeline/Pipeline::carry():158}:159}(Object(Laravel/Lumen/Http/Request))
#16 C:/xampp/htdocs/Mess-Catering/MS_backend/vendor/illuminate/pipeline/Pipeline.php(119): Laravel/Lumen/Routing/Pipeline->{closure:{closure:Laravel/Lumen/Routing/Pipeline::carry():25}:26}(Object(Laravel/Lumen/Http/Request))
#17 C:/xampp/htdocs/Mess-Catering/MS_backend/vendor/laravel/lumen-framework/src/Concerns/RoutesRequests.php(428): Illuminate/Pipeline/Pipeline->then(Object(Closure))
#18 C:/xampp/htdocs/Mess-Catering/MS_backend/vendor/laravel/lumen-framework/src/Concerns/RoutesRequests.php(263): Laravel/Lumen/Application->sendThroughPipeline(Array, Object(Closure))
#19 C:/xampp/htdocs/Mess-Catering/MS_backend/vendor/laravel/lumen-framework/src/Concerns/RoutesRequests.php(171): Laravel/Lumen/Application->handleFoundRoute(Array)
#20 C:/xampp/htdocs/Mess-Catering/MS_backend/vendor/laravel/lumen-framework/src/Concerns/RoutesRequests.php(431): Laravel/Lumen/Application->{closure:Laravel/Lumen/Concerns/RoutesRequests::dispatch():167}(Object(Laravel/Lumen/Http/Request))
#21 C:/xampp/htdocs/Mess-Catering/MS_backend/vendor/laravel/lumen-framework/src/Concerns/RoutesRequests.php(167): Laravel/Lumen/Application->sendThroughPipeline(Array, Object(Closure))
#22 C:/xampp/htdocs/Mess-Catering/MS_backend/vendor/laravel/lumen-framework/src/Concerns/RoutesRequests.php(112): Laravel/Lumen/Application->dispatch(NULL)
#23 C:/xampp/htdocs/Mess-Catering/MS_backend/public/index.php(28): Laravel/Lumen/Application->run()
#24 {main}
"} 
